<?xml version="1.0" encoding="UTF-8"?>
<testsuite xmlns:xsi="http://www.w3.org/2001/XMLSchema-instance" xsi:noNamespaceSchemaLocation="https://maven.apache.org/surefire/maven-surefire-plugin/xsd/surefire-test-report-3.0.xsd" version="3.0" name="com.rafi.service3.controller.Service3ControllerTest" time="3.041" tests="1" errors="0" skipped="0" failures="0">
  <properties>
[...]
</properties>
  <testcase name="testHelloEndpoint" classname="com.rafi.service3.controller.Service3ControllerTest" time="0.929">
    <system-out><![CDATA[11:39:37.346 [main] INFO org.springframework.test.context.support.AnnotationConfigContextLoaderUtils -- Could not detect default configuration classes for test class [com.rafi.service3.controller.Service3ControllerTest]: Service3ControllerTest does not declare any static, non-private, non-final, nested classes annotated with @Configuration.
11:39:37.447 [main] INFO org.springframework.boot.test.context.SpringBootTestContextBootstrapper -- Found @SpringBootConfiguration com.rafi.service3.Service3Application for test class com.rafi.service3.controller.Service3ControllerTest

  .   ____          _            __ _ _
 /\\ / ___'_ __ _ _(_)_ __  __ _ \ \ \ \
( ( )\___ | '_ | '_| | '_ \/ _` | \ \ \ \
 \\/  ___)| |_)| | | | | || (_| |  ) ) ) )
  '  |____| .__|_| |_|_| |_\__, | / / / /
 =========|_|==============|___/=/_/_/_/
 :: Spring Boot ::                (v3.1.2)

2025-05-25T11:39:37.980+05:30  INFO 43900 --- [           main] c.r.s.controller.Service3ControllerTest  : Starting Service3ControllerTest using Java 17.0.10 with PID 43900 (started by SG0706304 in C:\Users\SG0706304\OneDrive - Sabre\Desktop\Rafi\codebase\MainService\service3)
2025-05-25T11:39:37.985+05:30  INFO 43900 --- [           main] c.r.s.controller.Service3ControllerTest  : No active profile set, falling back to 1 default profile: "default"
2025-05-25T11:39:38.791+05:30  INFO 43900 --- [           main] o.s.b.w.embedded.tomcat.TomcatWebServer  : Tomcat initialized with port(s): 0 (http)
2025-05-25T11:39:38.805+05:30  INFO 43900 --- [           main] o.apache.catalina.core.StandardService   : Starting service [Tomcat]
2025-05-25T11:39:38.805+05:30  INFO 43900 --- [           main] o.apache.catalina.core.StandardEngine    : Starting Servlet engine: [Apache Tomcat/10.1.11]
2025-05-25T11:39:38.908+05:30  INFO 43900 --- [           main] o.a.c.c.C.[Tomcat].[localhost].[/]       : Initializing Spring embedded WebApplicationContext
2025-05-25T11:39:38.915+05:30  INFO 43900 --- [           main] w.s.c.ServletWebServerApplicationContext : Root WebApplicationContext: initialization completed in 907 ms
2025-05-25T11:39:39.288+05:30  INFO 43900 --- [           main] o.s.b.w.embedded.tomcat.TomcatWebServer  : Tomcat started on port(s): 59467 (http) with context path ''
2025-05-25T11:39:39.295+05:30  INFO 43900 --- [           main] c.r.s.controller.Service3ControllerTest  : Started Service3ControllerTest in 1.532 seconds (process running for 2.565)
2025-05-25T11:39:40.139+05:30  INFO 43900 --- [o-auto-1-exec-1] o.a.c.c.C.[Tomcat].[localhost].[/]       : Initializing Spring DispatcherServlet 'dispatcherServlet'
2025-05-25T11:39:40.139+05:30  INFO 43900 --- [o-auto-1-exec-1] o.s.web.servlet.DispatcherServlet        : Initializing Servlet 'dispatcherServlet'
2025-05-25T11:39:40.139+05:30  INFO 43900 --- [o-auto-1-exec-1] o.s.web.servlet.DispatcherServlet        : Completed initialization in 0 ms
]]></system-out>
  </testcase>
</testsuite>