<?xml version="1.0" encoding="UTF-8"?>
<testsuite xmlns:xsi="http://www.w3.org/2001/XMLSchema-instance" xsi:noNamespaceSchemaLocation="https://maven.apache.org/surefire/maven-surefire-plugin/xsd/surefire-test-report-3.0.xsd" version="3.0" name="com.rafi.service1.controller.Service1ControllerTest" time="2.901" tests="3" errors="0" skipped="0" failures="0">
  <properties>
[...]
</properties>
  <testcase name="testHelloEndpoint_StatusCode" classname="com.rafi.service1.controller.Service1ControllerTest" time="0.891">
    <system-out><![CDATA[11:39:26.984 [main] INFO org.springframework.test.context.support.AnnotationConfigContextLoaderUtils -- Could not detect default configuration classes for test class [com.rafi.service1.controller.Service1ControllerTest]: Service1ControllerTest does not declare any static, non-private, non-final, nested classes annotated with @Configuration.
11:39:27.099 [main] INFO org.springframework.boot.test.context.SpringBootTestContextBootstrapper -- Found @SpringBootConfiguration com.rafi.service1.Service1Application for test class com.rafi.service1.controller.Service1ControllerTest

  .   ____          _            __ _ _
 /\\ / ___'_ __ _ _(_)_ __  __ _ \ \ \ \
( ( )\___ | '_ | '_| | '_ \/ _` | \ \ \ \
 \\/  ___)| |_)| | | | | || (_| |  ) ) ) )
  '  |____| .__|_| |_|_| |_\__, | / / / /
 =========|_|==============|___/=/_/_/_/
 :: Spring Boot ::                (v3.1.2)

2025-05-25T11:39:27.497+05:30  INFO 29016 --- [           main] c.r.s.controller.Service1ControllerTest  : Starting Service1ControllerTest using Java 17.0.10 with PID 29016 (started by SG0706304 in C:\Users\SG0706304\OneDrive - Sabre\Desktop\Rafi\codebase\MainService\service1)
2025-05-25T11:39:27.497+05:30  INFO 29016 --- [           main] c.r.s.controller.Service1ControllerTest  : No active profile set, falling back to 1 default profile: "default"
2025-05-25T11:39:28.315+05:30  INFO 29016 --- [           main] o.s.b.w.embedded.tomcat.TomcatWebServer  : Tomcat initialized with port(s): 0 (http)
2025-05-25T11:39:28.325+05:30  INFO 29016 --- [           main] o.apache.catalina.core.StandardService   : Starting service [Tomcat]
2025-05-25T11:39:28.325+05:30  INFO 29016 --- [           main] o.apache.catalina.core.StandardEngine    : Starting Servlet engine: [Apache Tomcat/10.1.11]
2025-05-25T11:39:28.433+05:30  INFO 29016 --- [           main] o.a.c.c.C.[Tomcat].[localhost].[/]       : Initializing Spring embedded WebApplicationContext
2025-05-25T11:39:28.433+05:30  INFO 29016 --- [           main] w.s.c.ServletWebServerApplicationContext : Root WebApplicationContext: initialization completed in 907 ms
2025-05-25T11:39:28.772+05:30  INFO 29016 --- [           main] o.s.b.w.embedded.tomcat.TomcatWebServer  : Tomcat started on port(s): 59460 (http) with context path ''
2025-05-25T11:39:28.774+05:30  INFO 29016 --- [           main] c.r.s.controller.Service1ControllerTest  : Started Service1ControllerTest in 1.525 seconds (process running for 2.422)
2025-05-25T11:39:29.582+05:30  INFO 29016 --- [o-auto-1-exec-1] o.a.c.c.C.[Tomcat].[localhost].[/]       : Initializing Spring DispatcherServlet 'dispatcherServlet'
2025-05-25T11:39:29.582+05:30  INFO 29016 --- [o-auto-1-exec-1] o.s.web.servlet.DispatcherServlet        : Initializing Servlet 'dispatcherServlet'
2025-05-25T11:39:29.584+05:30  INFO 29016 --- [o-auto-1-exec-1] o.s.web.servlet.DispatcherServlet        : Completed initialization in 2 ms
]]></system-out>
  </testcase>
  <testcase name="testHelloEndpoint_NotFound" classname="com.rafi.service1.controller.Service1ControllerTest" time="0.058"/>
  <testcase name="testHelloEndpoint" classname="com.rafi.service1.controller.Service1ControllerTest" time="0.016"/>
</testsuite>